<?xml version="1.0" encoding="UTF-8"?>
<!-- Generated by org.testng.reporters.JUnitXMLReporter -->
<testsuite hostname="Pavi-PC" ignored="14" name="Test" tests="10" failures="0" timestamp="12 Feb 2021 08:19:56 GMT" time="0.119" errors="0">
  <testcase name="test10" time="0.024" classname="org.group.group.GroupA"/>
  <testcase name="test11" time="0.001" classname="org.group.group.GroupA"/>
  <testcase name="test1" time="0.002" classname="org.group.group.GroupB"/>
  <testcase name="test10" time="0.002" classname="org.group.group.GroupB"/>
  <testcase name="test11" time="0.001" classname="org.group.group.GroupB"/>
  <testcase name="test2" time="0.002" classname="org.group.group.GroupB"/>
  <testcase name="test3" time="0.002" classname="org.group.group.GroupB"/>
  <testcase name="test4" time="0.002" classname="org.group.group.GroupB"/>
  <testcase name="test6" time="0.005" classname="org.group.group.GroupB"/>
  <testcase name="test7" time="0.003" classname="org.group.group.GroupB"/>
  <testcase name="test4" time="0.0" classname="org.group.group.GroupA">
    <ignored/>
  </testcase> <!-- test4 -->
  <testcase name="test2" time="0.0" classname="org.group.group.GroupA">
    <ignored/>
  </testcase> <!-- test2 -->
  <testcase name="test3" time="0.0" classname="org.group.group.GroupA">
    <ignored/>
  </testcase> <!-- test3 -->
  <testcase name="test8" time="0.0" classname="org.group.group.GroupA">
    <ignored/>
  </testcase> <!-- test8 -->
  <testcase name="test9" time="0.0" classname="org.group.group.GroupB">
    <ignored/>
  </testcase> <!-- test9 -->
  <testcase name="test9" time="0.0" classname="org.group.group.GroupA">
    <ignored/>
  </testcase> <!-- test9 -->
  <testcase name="test8" time="0.0" classname="org.group.group.GroupB">
    <ignored/>
  </testcase> <!-- test8 -->
  <testcase name="test6" time="0.0" classname="org.group.group.GroupA">
    <ignored/>
  </testcase> <!-- test6 -->
  <testcase name="test13" time="0.0" classname="org.group.group.GroupB">
    <ignored/>
  </testcase> <!-- test13 -->
  <testcase name="test13" time="0.0" classname="org.group.group.GroupA">
    <ignored/>
  </testcase> <!-- test13 -->
  <testcase name="test12" time="0.0" classname="org.group.group.GroupB">
    <ignored/>
  </testcase> <!-- test12 -->
  <testcase name="test12" time="0.0" classname="org.group.group.GroupA">
    <ignored/>
  </testcase> <!-- test12 -->
  <testcase name="test7" time="0.0" classname="org.group.group.GroupA">
    <ignored/>
  </testcase> <!-- test7 -->
  <testcase name="test1" time="0.0" classname="org.group.group.GroupA">
    <ignored/>
  </testcase> <!-- test1 -->
</testsuite> <!-- Test -->
