<?xml version="1.0" encoding="UTF-8"?>
<testng-results skipped="0" failed="0" ignored="0" total="1" passed="1">
  <reporter-output>
  </reporter-output>
  <suite name="Default suite" duration-ms="125062" started-at="2021-02-23T07:42:37Z" finished-at="2021-02-23T07:44:42Z">
    <groups>
    </groups>
    <test name="Default test" duration-ms="125062" started-at="2021-02-23T07:42:37Z" finished-at="2021-02-23T07:44:42Z">
      <class name="org.nykaa.Sample">
        <test-method status="PASS" signature="beforeclass()[pri:0, instance:org.nykaa.Sample@653222]" name="beforeclass" is-config="true" duration-ms="13918" started-at="2021-02-23T07:42:37Z" finished-at="2021-02-23T07:42:51Z">
          <reporter-output>
          </reporter-output>
        </test-method> <!-- beforeclass -->
        <test-method status="PASS" signature="beforemethod()[pri:0, instance:org.nykaa.Sample@653222]" name="beforemethod" is-config="true" duration-ms="5" started-at="2021-02-23T07:42:51Z" finished-at="2021-02-23T07:42:51Z">
          <reporter-output>
          </reporter-output>
        </test-method> <!-- beforemethod -->
        <test-method status="PASS" signature="test()[pri:0, instance:org.nykaa.Sample@653222]" name="test" duration-ms="111099" started-at="2021-02-23T07:42:51Z" finished-at="2021-02-23T07:44:42Z">
          <reporter-output>
          </reporter-output>
        </test-method> <!-- test -->
      </class> <!-- org.nykaa.Sample -->
    </test> <!-- Default test -->
  </suite> <!-- Default suite -->
</testng-results>
